<?xml version="1.0" encoding="UTF-8"?>
<!-- Generated by org.testng.reporters.JUnitReportReporter -->
<testsuite hostname="LAPTOP-SO7U3JNL" name="com.framework.testCases.TC_Login_01" tests="1" failures="0" timestamp="15 Aug 2023 16:30:47 GMT" time="11.904" errors="0">
  <testcase name="loginTest" time="11.904" classname="com.framework.testCases.TC_Login_01"/>
</testsuite> <!-- com.framework.testCases.TC_Login_01 -->
